<?xml version="1.0" encoding="UTF-8"?><testrun name="Rerun br.com.southrocklab.suite.Suite" project="qa-test" tests="20" started="20" failures="0" errors="1" ignored="0">
  <testsuite name="br.com.southrocklab.suite.Suite" time="9.076">
    <testsuite name="br.com.southrocklab.resources.CustomerResourceTest" time="2.374">
      <testcase name="t01_deve_salvar_novo_customer_no_sistema" classname="br.com.southrocklab.resources.CustomerResourceTest" time="1.858"/>
      <testcase name="t02_deve_validar_Todos_campos" classname="br.com.southrocklab.resources.CustomerResourceTest" time="0.068">
        <error>java.lang.IllegalStateException: Expected response body to be verified as JSON, HTML or XML but content-type 'text/plain' is not supported out of the box.
Try registering a custom parser using:
   RestAssured.registerParser("text/plain", &lt;parser type&gt;);
Content was:
JSON parse error: Unexpected character ('b' (code 98)): was expecting double-quote to start field name; nested exception is com.fasterxml.jackson.core.JsonParseException: Unexpected character ('b' (code 98)): was expecting double-quote to start field name
 at [Source: (PushbackInputStream); line: 1, column: 3]
&#13;
	at java.base/jdk.internal.reflect.NativeConstructorAccessorImpl.newInstance0(Native Method)&#13;
	at java.base/jdk.internal.reflect.NativeConstructorAccessorImpl.newInstance(NativeConstructorAccessorImpl.java:62)&#13;
	at java.base/jdk.internal.reflect.DelegatingConstructorAccessorImpl.newInstance(DelegatingConstructorAccessorImpl.java:45)&#13;
	at java.base/java.lang.reflect.Constructor.newInstance(Constructor.java:490)&#13;
	at org.codehaus.groovy.reflection.CachedConstructor.invoke(CachedConstructor.java:72)&#13;
	at org.codehaus.groovy.reflection.CachedConstructor.doConstructorInvoke(CachedConstructor.java:59)&#13;
	at org.codehaus.groovy.runtime.callsite.ConstructorSite$ConstructorSiteNoUnwrap.callConstructor(ConstructorSite.java:84)&#13;
	at org.codehaus.groovy.runtime.callsite.CallSiteArray.defaultCallConstructor(CallSiteArray.java:59)&#13;
	at org.codehaus.groovy.runtime.callsite.AbstractCallSite.callConstructor(AbstractCallSite.java:263)&#13;
	at org.codehaus.groovy.runtime.callsite.AbstractCallSite.callConstructor(AbstractCallSite.java:277)&#13;
	at io.restassured.assertion.StreamVerifier.newAssertion(StreamVerifier.groovy:49)&#13;
	at io.restassured.assertion.StreamVerifier$newAssertion.call(Unknown Source)&#13;
	at io.restassured.assertion.BodyMatcher.validate(BodyMatcher.groovy:85)&#13;
	at io.restassured.assertion.BodyMatcher$validate$0.call(Unknown Source)&#13;
	at org.codehaus.groovy.runtime.callsite.CallSiteArray.defaultCall(CallSiteArray.java:47)&#13;
	at io.restassured.assertion.BodyMatcher$validate$0.call(Unknown Source)&#13;
	at io.restassured.assertion.BodyMatcherGroup$_validate_closure2.doCall(BodyMatcherGroup.groovy:47)&#13;
	at java.base/jdk.internal.reflect.NativeMethodAccessorImpl.invoke0(Native Method)&#13;
	at java.base/jdk.internal.reflect.NativeMethodAccessorImpl.invoke(NativeMethodAccessorImpl.java:62)&#13;
	at java.base/jdk.internal.reflect.DelegatingMethodAccessorImpl.invoke(DelegatingMethodAccessorImpl.java:43)&#13;
	at java.base/java.lang.reflect.Method.invoke(Method.java:566)&#13;
	at org.codehaus.groovy.reflection.CachedMethod.invoke(CachedMethod.java:107)&#13;
	at groovy.lang.MetaMethod.doMethodInvoke(MetaMethod.java:323)&#13;
	at org.codehaus.groovy.runtime.metaclass.ClosureMetaClass.invokeMethod(ClosureMetaClass.java:274)&#13;
	at groovy.lang.MetaClassImpl.invokeMethod(MetaClassImpl.java:1035)&#13;
	at groovy.lang.Closure.call(Closure.java:412)&#13;
	at groovy.lang.Closure.call(Closure.java:428)&#13;
	at org.codehaus.groovy.runtime.DefaultGroovyMethods.collect(DefaultGroovyMethods.java:3602)&#13;
	at org.codehaus.groovy.runtime.DefaultGroovyMethods.collect(DefaultGroovyMethods.java:3587)&#13;
	at org.codehaus.groovy.runtime.DefaultGroovyMethods.collect(DefaultGroovyMethods.java:3687)&#13;
	at org.codehaus.groovy.runtime.dgm$101.invoke(Unknown Source)&#13;
	at org.codehaus.groovy.runtime.callsite.PojoMetaMethodSite$PojoMetaMethodSiteNoUnwrapNoCoerce.invoke(PojoMetaMethodSite.java:247)&#13;
	at org.codehaus.groovy.runtime.callsite.PojoMetaMethodSite.call(PojoMetaMethodSite.java:56)&#13;
	at org.codehaus.groovy.runtime.callsite.AbstractCallSite.call(AbstractCallSite.java:139)&#13;
	at io.restassured.assertion.BodyMatcherGroup.validate(BodyMatcherGroup.groovy:47)&#13;
	at io.restassured.assertion.BodyMatcherGroup$validate$3.call(Unknown Source)&#13;
	at org.codehaus.groovy.runtime.callsite.CallSiteArray.defaultCall(CallSiteArray.java:47)&#13;
	at io.restassured.assertion.BodyMatcherGroup$validate$3.call(Unknown Source)&#13;
	at io.restassured.internal.ResponseSpecificationImpl$HamcrestAssertionClosure.validate(ResponseSpecificationImpl.groovy:480)&#13;
	at io.restassured.internal.ResponseSpecificationImpl$HamcrestAssertionClosure$validate$1.call(Unknown Source)&#13;
	at io.restassured.internal.ResponseSpecificationImpl.validateResponseIfRequired(ResponseSpecificationImpl.groovy:674)&#13;
	at java.base/jdk.internal.reflect.NativeMethodAccessorImpl.invoke0(Native Method)&#13;
	at java.base/jdk.internal.reflect.NativeMethodAccessorImpl.invoke(NativeMethodAccessorImpl.java:62)&#13;
	at java.base/jdk.internal.reflect.DelegatingMethodAccessorImpl.invoke(DelegatingMethodAccessorImpl.java:43)&#13;
	at java.base/java.lang.reflect.Method.invoke(Method.java:566)&#13;
	at org.codehaus.groovy.runtime.callsite.PlainObjectMetaMethodSite.doInvoke(PlainObjectMetaMethodSite.java:43)&#13;
	at org.codehaus.groovy.runtime.callsite.PogoMetaMethodSite$PogoCachedMethodSiteNoUnwrapNoCoerce.invoke(PogoMetaMethodSite.java:193)&#13;
	at org.codehaus.groovy.runtime.callsite.PogoMetaMethodSite.callCurrent(PogoMetaMethodSite.java:61)&#13;
	at org.codehaus.groovy.runtime.callsite.AbstractCallSite.callCurrent(AbstractCallSite.java:185)&#13;
	at io.restassured.internal.ResponseSpecificationImpl.body(ResponseSpecificationImpl.groovy:261)&#13;
	at io.restassured.specification.ResponseSpecification$body$5.callCurrent(Unknown Source)&#13;
	at io.restassured.internal.ResponseSpecificationImpl.body(ResponseSpecificationImpl.groovy:108)&#13;
	at io.restassured.internal.ValidatableResponseOptionsImpl.body(ValidatableResponseOptionsImpl.java:244)&#13;
	at io.restassured.internal.ValidatableResponseImpl.super$2$body(ValidatableResponseImpl.groovy)&#13;
	at java.base/jdk.internal.reflect.NativeMethodAccessorImpl.invoke0(Native Method)&#13;
	at java.base/jdk.internal.reflect.NativeMethodAccessorImpl.invoke(NativeMethodAccessorImpl.java:62)&#13;
	at java.base/jdk.internal.reflect.DelegatingMethodAccessorImpl.invoke(DelegatingMethodAccessorImpl.java:43)&#13;
	at java.base/java.lang.reflect.Method.invoke(Method.java:566)&#13;
	at org.codehaus.groovy.reflection.CachedMethod.invoke(CachedMethod.java:107)&#13;
	at groovy.lang.MetaMethod.doMethodInvoke(MetaMethod.java:323)&#13;
	at groovy.lang.MetaClassImpl.invokeMethod(MetaClassImpl.java:1268)&#13;
	at org.codehaus.groovy.runtime.ScriptBytecodeAdapter.invokeMethodOnSuperN(ScriptBytecodeAdapter.java:144)&#13;
	at io.restassured.internal.ValidatableResponseImpl.body(ValidatableResponseImpl.groovy:298)&#13;
	at io.restassured.internal.ValidatableResponseImpl.body(ValidatableResponseImpl.groovy)&#13;
	at br.com.southrocklab.resources.CustomerResourceTest.t02_deve_validar_Todos_campos(CustomerResourceTest.java:60)&#13;
	at java.base/jdk.internal.reflect.NativeMethodAccessorImpl.invoke0(Native Method)&#13;
	at java.base/jdk.internal.reflect.NativeMethodAccessorImpl.invoke(NativeMethodAccessorImpl.java:62)&#13;
	at java.base/jdk.internal.reflect.DelegatingMethodAccessorImpl.invoke(DelegatingMethodAccessorImpl.java:43)&#13;
	at java.base/java.lang.reflect.Method.invoke(Method.java:566)&#13;
	at org.junit.runners.model.FrameworkMethod$1.runReflectiveCall(FrameworkMethod.java:50)&#13;
	at org.junit.internal.runners.model.ReflectiveCallable.run(ReflectiveCallable.java:12)&#13;
	at org.junit.runners.model.FrameworkMethod.invokeExplosively(FrameworkMethod.java:47)&#13;
	at org.junit.internal.runners.statements.InvokeMethod.evaluate(InvokeMethod.java:17)&#13;
	at org.junit.runners.ParentRunner.runLeaf(ParentRunner.java:325)&#13;
	at org.junit.runners.BlockJUnit4ClassRunner.runChild(BlockJUnit4ClassRunner.java:78)&#13;
	at org.junit.runners.BlockJUnit4ClassRunner.runChild(BlockJUnit4ClassRunner.java:57)&#13;
	at org.junit.runners.ParentRunner$3.run(ParentRunner.java:290)&#13;
	at org.junit.runners.ParentRunner$1.schedule(ParentRunner.java:71)&#13;
	at org.junit.runners.ParentRunner.runChildren(ParentRunner.java:288)&#13;
	at org.junit.runners.ParentRunner.access$000(ParentRunner.java:58)&#13;
	at org.junit.runners.ParentRunner$2.evaluate(ParentRunner.java:268)&#13;
	at org.junit.internal.runners.statements.RunBefores.evaluate(RunBefores.java:26)&#13;
	at org.junit.runners.ParentRunner.run(ParentRunner.java:363)&#13;
	at org.junit.runners.Suite.runChild(Suite.java:128)&#13;
	at org.junit.runners.Suite.runChild(Suite.java:27)&#13;
	at org.junit.runners.ParentRunner$3.run(ParentRunner.java:290)&#13;
	at org.junit.runners.ParentRunner$1.schedule(ParentRunner.java:71)&#13;
	at org.junit.runners.ParentRunner.runChildren(ParentRunner.java:288)&#13;
	at org.junit.runners.ParentRunner.access$000(ParentRunner.java:58)&#13;
	at org.junit.runners.ParentRunner$2.evaluate(ParentRunner.java:268)&#13;
	at org.junit.internal.runners.statements.RunBefores.evaluate(RunBefores.java:26)&#13;
	at org.junit.runners.ParentRunner.run(ParentRunner.java:363)&#13;
	at org.eclipse.jdt.internal.junit4.runner.JUnit4TestReference.run(JUnit4TestReference.java:93)&#13;
	at org.eclipse.jdt.internal.junit.runner.TestExecution.run(TestExecution.java:40)&#13;
	at org.eclipse.jdt.internal.junit.runner.RemoteTestRunner.runTests(RemoteTestRunner.java:529)&#13;
	at org.eclipse.jdt.internal.junit.runner.RemoteTestRunner.runTests(RemoteTestRunner.java:756)&#13;
	at org.eclipse.jdt.internal.junit.runner.RemoteTestRunner.run(RemoteTestRunner.java:452)&#13;
	at org.eclipse.jdt.internal.junit.runner.RemoteTestRunner.main(RemoteTestRunner.java:210)&#13;
&#13;
</error>
      </testcase>
      <testcase name="t02_deve_validar_campo_birthDate_obrigatorio" classname="br.com.southrocklab.resources.CustomerResourceTest" time="0.061"/>
      <testcase name="t03_deve_retornar_status_400_quando_salvar_customer_ja_salvo" classname="br.com.southrocklab.resources.CustomerResourceTest" time="0.036"/>
      <testcase name="t04_deve_retornar_status_400_quando_salvar_customer_com_birth_date_maior_que_hoje" classname="br.com.southrocklab.resources.CustomerResourceTest" time="0.048"/>
      <testcase name="t05_deve_procurar_customer_pelo_name_e_last_name" classname="br.com.southrocklab.resources.CustomerResourceTest" time="0.074"/>
      <testcase name="t06_deve_retornar_status_404_quando_buscar_customer_por_last_name_inexistente" classname="br.com.southrocklab.resources.CustomerResourceTest" time="0.03"/>
      <testcase name="t07_deve_retornar_status_404_quando_buscar_customer_por_name_inexistente" classname="br.com.southrocklab.resources.CustomerResourceTest" time="0.031"/>
      <testcase name="t08_deve_retornar_status_404_quando_buscar_customer_last_name_inexistente" classname="br.com.southrocklab.resources.CustomerResourceTest" time="0.047"/>
      <testcase name="t09_deve_atualizar_o_last_name_de_um_customer" classname="br.com.southrocklab.resources.CustomerResourceTest" time="0.027"/>
      <testcase name="t10_deve_deletar_um_customer_salvo_no_sistema" classname="br.com.southrocklab.resources.CustomerResourceTest" time="0.018"/>
      <testcase name="t11_deve_retornar_status_404_ao_atualizar_um_customer_com_id_nao_salvo_no_sistema" classname="br.com.southrocklab.resources.CustomerResourceTest" time="0.016"/>
      <testcase name="t12_deve_retornar_status_404_ao_deletar_um_customer_com_id_nao_salvo_no_sistema" classname="br.com.southrocklab.resources.CustomerResourceTest" time="0.056"/>
    </testsuite>
    <testsuite name="br.com.southrocklab.resources.CardResourceTest" time="0.101">
      <testcase name="deve_salvar_novo_card_no_sistema" classname="br.com.southrocklab.resources.CardResourceTest" time="0.085"/>
      <testcase name="deve_deletar_um_card_salvo_no_sistema" classname="br.com.southrocklab.resources.CardResourceTest" time="0.002"/>
      <testcase name="deve_retornar_status_400_quando_salvar_card_com_expiration_month_maior_que_12" classname="br.com.southrocklab.resources.CardResourceTest" time="0.002"/>
      <testcase name="deve_retornar_status_400_quando_salvar_card_com_number_de_15_digitos" classname="br.com.southrocklab.resources.CardResourceTest" time="0.002"/>
      <testcase name="deve_retornar_status_400_quando_salvar_card_com_cvv_maior_que_999" classname="br.com.southrocklab.resources.CardResourceTest" time="0.002"/>
      <testcase name="deve_retornar_status_400_quando_salvar_card_com_expiration_year_menor_que_2022" classname="br.com.southrocklab.resources.CardResourceTest" time="0.002"/>
      <testcase name="deve_retornar_status_404_ao_deletar_um_card_com_id_nao_salvo_no_sistema" classname="br.com.southrocklab.resources.CardResourceTest" time="0.002"/>
    </testsuite>
  </testsuite>
</testrun>
