<?xml version="1.0" encoding="UTF-8"?><testrun name="Rerun br.com.southrocklab.suite.Suite" project="qa-test" tests="21" started="21" failures="1" errors="0" ignored="0">
  <testsuite name="br.com.southrocklab.suite.Suite" time="11.44">
    <testsuite name="br.com.southrocklab.resources.CustomerResourceTest" time="2.671">
      <testcase name="t01_deve_salvar_novo_customer_no_sistema" classname="br.com.southrocklab.resources.CustomerResourceTest" time="1.863"/>
      <testcase name="t02_deve_validar_Todos_campos_obrigatorios" classname="br.com.southrocklab.resources.CustomerResourceTest" time="0.11"/>
      <testcase name="t03_deve_retornar_status_400_quando_salvar_customer_ja_salvo" classname="br.com.southrocklab.resources.CustomerResourceTest" time="0.046"/>
      <testcase name="t03_deve_validar_campo_birthDate_obrigatorio" classname="br.com.southrocklab.resources.CustomerResourceTest" time="0.098"/>
      <testcase name="t04_deve_retornar_status_400_quando_salvar_customer_com_birth_date_maior_que_hoje" classname="br.com.southrocklab.resources.CustomerResourceTest" time="0.064"/>
      <testcase name="t04_deve_validar_campo_last_name_obrigatorio" classname="br.com.southrocklab.resources.CustomerResourceTest" time="0.056">
        <failure>java.lang.AssertionError: 1 expectation failed.
JSON path birthDate doesn't match.
Expected: is "last name cannot be null"
  Actual: null
&#13;
	at java.base/jdk.internal.reflect.NativeConstructorAccessorImpl.newInstance0(Native Method)&#13;
	at java.base/jdk.internal.reflect.NativeConstructorAccessorImpl.newInstance(NativeConstructorAccessorImpl.java:62)&#13;
	at java.base/jdk.internal.reflect.DelegatingConstructorAccessorImpl.newInstance(DelegatingConstructorAccessorImpl.java:45)&#13;
	at java.base/java.lang.reflect.Constructor.newInstance(Constructor.java:490)&#13;
	at org.codehaus.groovy.reflection.CachedConstructor.invoke(CachedConstructor.java:72)&#13;
	at org.codehaus.groovy.reflection.CachedConstructor.doConstructorInvoke(CachedConstructor.java:59)&#13;
	at org.codehaus.groovy.runtime.callsite.ConstructorSite$ConstructorSiteNoUnwrap.callConstructor(ConstructorSite.java:84)&#13;
	at org.codehaus.groovy.runtime.callsite.CallSiteArray.defaultCallConstructor(CallSiteArray.java:59)&#13;
	at org.codehaus.groovy.runtime.callsite.AbstractCallSite.callConstructor(AbstractCallSite.java:263)&#13;
	at org.codehaus.groovy.runtime.callsite.AbstractCallSite.callConstructor(AbstractCallSite.java:277)&#13;
	at io.restassured.internal.ResponseSpecificationImpl$HamcrestAssertionClosure.validate(ResponseSpecificationImpl.groovy:493)&#13;
	at io.restassured.internal.ResponseSpecificationImpl$HamcrestAssertionClosure$validate$1.call(Unknown Source)&#13;
	at io.restassured.internal.ResponseSpecificationImpl.validateResponseIfRequired(ResponseSpecificationImpl.groovy:674)&#13;
	at jdk.internal.reflect.GeneratedMethodAccessor66.invoke(Unknown Source)&#13;
	at java.base/jdk.internal.reflect.DelegatingMethodAccessorImpl.invoke(DelegatingMethodAccessorImpl.java:43)&#13;
	at java.base/java.lang.reflect.Method.invoke(Method.java:566)&#13;
	at org.codehaus.groovy.runtime.callsite.PlainObjectMetaMethodSite.doInvoke(PlainObjectMetaMethodSite.java:43)&#13;
	at org.codehaus.groovy.runtime.callsite.PogoMetaMethodSite$PogoCachedMethodSiteNoUnwrapNoCoerce.invoke(PogoMetaMethodSite.java:193)&#13;
	at org.codehaus.groovy.runtime.callsite.PogoMetaMethodSite.callCurrent(PogoMetaMethodSite.java:61)&#13;
	at org.codehaus.groovy.runtime.callsite.AbstractCallSite.callCurrent(AbstractCallSite.java:185)&#13;
	at io.restassured.internal.ResponseSpecificationImpl.body(ResponseSpecificationImpl.groovy:261)&#13;
	at io.restassured.specification.ResponseSpecification$body$5.callCurrent(Unknown Source)&#13;
	at io.restassured.internal.ResponseSpecificationImpl.body(ResponseSpecificationImpl.groovy:108)&#13;
	at io.restassured.internal.ValidatableResponseOptionsImpl.body(ValidatableResponseOptionsImpl.java:244)&#13;
	at io.restassured.internal.ValidatableResponseImpl.super$2$body(ValidatableResponseImpl.groovy)&#13;
	at java.base/jdk.internal.reflect.NativeMethodAccessorImpl.invoke0(Native Method)&#13;
	at java.base/jdk.internal.reflect.NativeMethodAccessorImpl.invoke(NativeMethodAccessorImpl.java:62)&#13;
	at java.base/jdk.internal.reflect.DelegatingMethodAccessorImpl.invoke(DelegatingMethodAccessorImpl.java:43)&#13;
	at java.base/java.lang.reflect.Method.invoke(Method.java:566)&#13;
	at org.codehaus.groovy.reflection.CachedMethod.invoke(CachedMethod.java:107)&#13;
	at groovy.lang.MetaMethod.doMethodInvoke(MetaMethod.java:323)&#13;
	at groovy.lang.MetaClassImpl.invokeMethod(MetaClassImpl.java:1268)&#13;
	at org.codehaus.groovy.runtime.ScriptBytecodeAdapter.invokeMethodOnSuperN(ScriptBytecodeAdapter.java:144)&#13;
	at io.restassured.internal.ValidatableResponseImpl.body(ValidatableResponseImpl.groovy:298)&#13;
	at io.restassured.internal.ValidatableResponseImpl.body(ValidatableResponseImpl.groovy)&#13;
	at br.com.southrocklab.resources.CustomerResourceTest.t04_deve_validar_campo_last_name_obrigatorio(CustomerResourceTest.java:93)&#13;
	at java.base/jdk.internal.reflect.NativeMethodAccessorImpl.invoke0(Native Method)&#13;
	at java.base/jdk.internal.reflect.NativeMethodAccessorImpl.invoke(NativeMethodAccessorImpl.java:62)&#13;
	at java.base/jdk.internal.reflect.DelegatingMethodAccessorImpl.invoke(DelegatingMethodAccessorImpl.java:43)&#13;
	at java.base/java.lang.reflect.Method.invoke(Method.java:566)&#13;
	at org.junit.runners.model.FrameworkMethod$1.runReflectiveCall(FrameworkMethod.java:50)&#13;
	at org.junit.internal.runners.model.ReflectiveCallable.run(ReflectiveCallable.java:12)&#13;
	at org.junit.runners.model.FrameworkMethod.invokeExplosively(FrameworkMethod.java:47)&#13;
	at org.junit.internal.runners.statements.InvokeMethod.evaluate(InvokeMethod.java:17)&#13;
	at org.junit.runners.ParentRunner.runLeaf(ParentRunner.java:325)&#13;
	at org.junit.runners.BlockJUnit4ClassRunner.runChild(BlockJUnit4ClassRunner.java:78)&#13;
	at org.junit.runners.BlockJUnit4ClassRunner.runChild(BlockJUnit4ClassRunner.java:57)&#13;
	at org.junit.runners.ParentRunner$3.run(ParentRunner.java:290)&#13;
	at org.junit.runners.ParentRunner$1.schedule(ParentRunner.java:71)&#13;
	at org.junit.runners.ParentRunner.runChildren(ParentRunner.java:288)&#13;
	at org.junit.runners.ParentRunner.access$000(ParentRunner.java:58)&#13;
	at org.junit.runners.ParentRunner$2.evaluate(ParentRunner.java:268)&#13;
	at org.junit.internal.runners.statements.RunBefores.evaluate(RunBefores.java:26)&#13;
	at org.junit.runners.ParentRunner.run(ParentRunner.java:363)&#13;
	at org.junit.runners.Suite.runChild(Suite.java:128)&#13;
	at org.junit.runners.Suite.runChild(Suite.java:27)&#13;
	at org.junit.runners.ParentRunner$3.run(ParentRunner.java:290)&#13;
	at org.junit.runners.ParentRunner$1.schedule(ParentRunner.java:71)&#13;
	at org.junit.runners.ParentRunner.runChildren(ParentRunner.java:288)&#13;
	at org.junit.runners.ParentRunner.access$000(ParentRunner.java:58)&#13;
	at org.junit.runners.ParentRunner$2.evaluate(ParentRunner.java:268)&#13;
	at org.junit.internal.runners.statements.RunBefores.evaluate(RunBefores.java:26)&#13;
	at org.junit.runners.ParentRunner.run(ParentRunner.java:363)&#13;
	at org.eclipse.jdt.internal.junit4.runner.JUnit4TestReference.run(JUnit4TestReference.java:93)&#13;
	at org.eclipse.jdt.internal.junit.runner.TestExecution.run(TestExecution.java:40)&#13;
	at org.eclipse.jdt.internal.junit.runner.RemoteTestRunner.runTests(RemoteTestRunner.java:529)&#13;
	at org.eclipse.jdt.internal.junit.runner.RemoteTestRunner.runTests(RemoteTestRunner.java:756)&#13;
	at org.eclipse.jdt.internal.junit.runner.RemoteTestRunner.run(RemoteTestRunner.java:452)&#13;
	at org.eclipse.jdt.internal.junit.runner.RemoteTestRunner.main(RemoteTestRunner.java:210)&#13;
&#13;
</failure>
      </testcase>
      <testcase name="t05_deve_procurar_customer_pelo_name_e_last_name" classname="br.com.southrocklab.resources.CustomerResourceTest" time="0.08"/>
      <testcase name="t06_deve_retornar_status_404_quando_buscar_customer_por_last_name_inexistente" classname="br.com.southrocklab.resources.CustomerResourceTest" time="0.037"/>
      <testcase name="t07_deve_retornar_status_404_quando_buscar_customer_por_name_inexistente" classname="br.com.southrocklab.resources.CustomerResourceTest" time="0.117"/>
      <testcase name="t08_deve_retornar_status_404_quando_buscar_customer_last_name_inexistente" classname="br.com.southrocklab.resources.CustomerResourceTest" time="0.032"/>
      <testcase name="t09_deve_atualizar_o_last_name_de_um_customer" classname="br.com.southrocklab.resources.CustomerResourceTest" time="0.072"/>
      <testcase name="t10_deve_deletar_um_customer_salvo_no_sistema" classname="br.com.southrocklab.resources.CustomerResourceTest" time="0.024"/>
      <testcase name="t11_deve_retornar_status_404_ao_atualizar_um_customer_com_id_nao_salvo_no_sistema" classname="br.com.southrocklab.resources.CustomerResourceTest" time="0.035"/>
      <testcase name="t12_deve_retornar_status_404_ao_deletar_um_customer_com_id_nao_salvo_no_sistema" classname="br.com.southrocklab.resources.CustomerResourceTest" time="0.035"/>
    </testsuite>
    <testsuite name="br.com.southrocklab.resources.CardResourceTest" time="1.258">
      <testcase name="deve_salvar_novo_card_no_sistema" classname="br.com.southrocklab.resources.CardResourceTest" time="1.237"/>
      <testcase name="deve_deletar_um_card_salvo_no_sistema" classname="br.com.southrocklab.resources.CardResourceTest" time="0.003"/>
      <testcase name="deve_retornar_status_400_quando_salvar_card_com_expiration_month_maior_que_12" classname="br.com.southrocklab.resources.CardResourceTest" time="0.004"/>
      <testcase name="deve_retornar_status_400_quando_salvar_card_com_number_de_15_digitos" classname="br.com.southrocklab.resources.CardResourceTest" time="0.002"/>
      <testcase name="deve_retornar_status_400_quando_salvar_card_com_cvv_maior_que_999" classname="br.com.southrocklab.resources.CardResourceTest" time="0.003"/>
      <testcase name="deve_retornar_status_400_quando_salvar_card_com_expiration_year_menor_que_2022" classname="br.com.southrocklab.resources.CardResourceTest" time="0.002"/>
      <testcase name="deve_retornar_status_404_ao_deletar_um_card_com_id_nao_salvo_no_sistema" classname="br.com.southrocklab.resources.CardResourceTest" time="0.002"/>
    </testsuite>
  </testsuite>
</testrun>
